[debug] [2021-12-08T06:24:00.657Z] ----------------------------------------------------------------------
[debug] [2021-12-08T06:24:00.660Z] Command:       C:\Program Files\nodejs\node.exe C:\Users\sagit\AppData\Roaming\npm\node_modules\firebase-tools\lib\bin\firebase.js init
[debug] [2021-12-08T06:24:00.661Z] CLI Version:   9.23.0
[debug] [2021-12-08T06:24:00.661Z] Platform:      win32
[debug] [2021-12-08T06:24:00.661Z] Node Version:  v14.17.0
[debug] [2021-12-08T06:24:00.662Z] Time:          Wed Dec 08 2021 00:24:00 GMT-0600 (hora estándar central)
[debug] [2021-12-08T06:24:00.663Z] ----------------------------------------------------------------------
[debug] 
[debug] [2021-12-08T06:24:00.773Z] > command requires scopes: ["email","openid","https://www.googleapis.com/auth/cloudplatformprojects.readonly","https://www.googleapis.com/auth/firebase","https://www.googleapis.com/auth/cloud-platform"]
[debug] [2021-12-08T06:24:00.774Z] > authorizing via signed-in user (emmanueltr9@gmail.com)
[info] 
     ######## #### ########  ######## ########     ###     ######  ########
     ##        ##  ##     ## ##       ##     ##  ##   ##  ##       ##
     ######    ##  ########  ######   ########  #########  ######  ######
     ##        ##  ##    ##  ##       ##     ## ##     ##       ## ##
     ##       #### ##     ## ######## ########  ##     ##  ######  ########

You're about to initialize a Firebase project in this directory:

  F:\ITSSNA AGOSTO 2021\DESARROLLO SISTEMAS WEB\app9

Before we get started, keep in mind:

  * You are initializing within an existing Firebase project directory

[info] 
=== Project Setup
[info] 
[info] First, let's associate this project directory with a Firebase project.
[info] You can create multiple project aliases by running firebase use --add, 
[info] but for now we'll just set up a default project.
[info] 
[info] i  .firebaserc already has a default project, using app9-520e8. 
[debug] [2021-12-08T06:24:58.344Z] > refreshing access token with scopes: []
[debug] [2021-12-08T06:24:58.344Z] >>> HTTP REQUEST POST https://www.googleapis.com/oauth2/v3/token  
 <request body omitted>
[debug] [2021-12-08T06:24:58.614Z] <<< HTTP RESPONSE 200 {"date":"Wed, 08 Dec 2021 06:24:53 GMT","pragma":"no-cache","cache-control":"no-cache, no-store, max-age=0, must-revalidate","expires":"Mon, 01 Jan 1990 00:00:00 GMT","content-type":"application/json; charset=utf-8","vary":"X-Origin, Referer, Origin,Accept-Encoding","server":"scaffolding on HTTPServer2","x-xss-protection":"0","x-frame-options":"SAMEORIGIN","x-content-type-options":"nosniff","alt-svc":"h3=\":443\"; ma=2592000,h3-29=\":443\"; ma=2592000,h3-Q050=\":443\"; ma=2592000,h3-Q046=\":443\"; ma=2592000,h3-Q043=\":443\"; ma=2592000,quic=\":443\"; ma=2592000; v=\"46,43\"","accept-ranges":"none","transfer-encoding":"chunked"}
[debug] [2021-12-08T06:24:58.634Z] >>> [apiv2][query] GET https://firebase.googleapis.com/v1beta1/projects/app9-520e8 [none]
[debug] [2021-12-08T06:24:58.958Z] <<< [apiv2][status] GET https://firebase.googleapis.com/v1beta1/projects/app9-520e8 200
[debug] [2021-12-08T06:24:58.959Z] <<< [apiv2][body] GET https://firebase.googleapis.com/v1beta1/projects/app9-520e8 {"projectId":"app9-520e8","projectNumber":"590476350197","displayName":"app9","name":"projects/app9-520e8","resources":{"hostingSite":"app9-520e8","storageBucket":"app9-520e8.appspot.com","locationId":"us-central"},"state":"ACTIVE"}
[info] 
=== Firestore Setup
[debug] [2021-12-08T06:24:58.960Z] > refreshing access token with scopes: ["email","https://www.googleapis.com/auth/cloud-platform","https://www.googleapis.com/auth/cloudplatformprojects.readonly","https://www.googleapis.com/auth/firebase","openid"]
[debug] [2021-12-08T06:24:58.961Z] >>> HTTP REQUEST POST https://www.googleapis.com/oauth2/v3/token  
 <request body omitted>
[debug] [2021-12-08T06:24:59.184Z] <<< HTTP RESPONSE 200 {"expires":"Mon, 01 Jan 1990 00:00:00 GMT","date":"Wed, 08 Dec 2021 06:24:54 GMT","pragma":"no-cache","cache-control":"no-cache, no-store, max-age=0, must-revalidate","content-type":"application/json; charset=utf-8","vary":"X-Origin, Referer, Origin,Accept-Encoding","server":"scaffolding on HTTPServer2","x-xss-protection":"0","x-frame-options":"SAMEORIGIN","x-content-type-options":"nosniff","alt-svc":"h3=\":443\"; ma=2592000,h3-29=\":443\"; ma=2592000,h3-Q050=\":443\"; ma=2592000,h3-Q046=\":443\"; ma=2592000,h3-Q043=\":443\"; ma=2592000,quic=\":443\"; ma=2592000; v=\"46,43\"","accept-ranges":"none","transfer-encoding":"chunked"}
[debug] [2021-12-08T06:24:59.195Z] >>> HTTP REQUEST GET https://serviceusage.googleapis.com/v1/projects/app9-520e8/services/firestore.googleapis.com  
 
[debug] [2021-12-08T06:24:59.760Z] <<< HTTP RESPONSE 200 {"content-type":"application/json; charset=UTF-8","vary":"X-Origin, Referer, Origin,Accept-Encoding","date":"Wed, 08 Dec 2021 06:24:54 GMT","server":"ESF","cache-control":"private","x-xss-protection":"0","x-frame-options":"SAMEORIGIN","x-content-type-options":"nosniff","alt-svc":"h3=\":443\"; ma=2592000,h3-29=\":443\"; ma=2592000,h3-Q050=\":443\"; ma=2592000,h3-Q046=\":443\"; ma=2592000,h3-Q043=\":443\"; ma=2592000,quic=\":443\"; ma=2592000; v=\"46,43\"","accept-ranges":"none","transfer-encoding":"chunked"}
[debug] [2021-12-08T06:24:59.761Z] >>> HTTP REQUEST GET https://appengine.googleapis.com/v1/apps/app9-520e8  
 
[debug] [2021-12-08T06:25:00.307Z] <<< HTTP RESPONSE 200 {"content-type":"application/json; charset=UTF-8","vary":"X-Origin, Referer, Origin,Accept-Encoding","date":"Wed, 08 Dec 2021 06:24:55 GMT","server":"ESF","cache-control":"private","x-xss-protection":"0","x-frame-options":"SAMEORIGIN","x-content-type-options":"nosniff","alt-svc":"h3=\":443\"; ma=2592000,h3-29=\":443\"; ma=2592000,h3-Q050=\":443\"; ma=2592000,h3-Q046=\":443\"; ma=2592000,h3-Q043=\":443\"; ma=2592000,quic=\":443\"; ma=2592000; v=\"46,43\"","accept-ranges":"none","transfer-encoding":"chunked"}
[debug] [2021-12-08T06:25:00.307Z] database_type: CLOUD_FIRESTORE
[debug] [2021-12-08T06:25:00.308Z] > command requires scopes: ["email","openid","https://www.googleapis.com/auth/cloudplatformprojects.readonly","https://www.googleapis.com/auth/firebase","https://www.googleapis.com/auth/cloud-platform"]
[debug] [2021-12-08T06:25:00.308Z] > authorizing via signed-in user (emmanueltr9@gmail.com)
[debug] [2021-12-08T06:25:00.308Z] [iam] checking project app9-520e8 for permissions ["firebase.projects.get"]
[debug] [2021-12-08T06:25:00.308Z] >>> HTTP REQUEST POST https://cloudresourcemanager.googleapis.com/v1/projects/app9-520e8:testIamPermissions  
 {"permissions":["firebase.projects.get"]}
[debug] [2021-12-08T06:25:00.716Z] <<< HTTP RESPONSE 200 {"content-type":"application/json; charset=UTF-8","vary":"X-Origin, Referer, Origin,Accept-Encoding","date":"Wed, 08 Dec 2021 06:24:55 GMT","server":"ESF","cache-control":"private","x-xss-protection":"0","x-frame-options":"SAMEORIGIN","x-content-type-options":"nosniff","server-timing":"gfet4t7; dur=217","alt-svc":"h3=\":443\"; ma=2592000,h3-29=\":443\"; ma=2592000,h3-Q050=\":443\"; ma=2592000,h3-Q046=\":443\"; ma=2592000,h3-Q043=\":443\"; ma=2592000,quic=\":443\"; ma=2592000; v=\"46,43\"","accept-ranges":"none","transfer-encoding":"chunked"}
[info] 
[info] Firestore Security Rules allow you to define how and when to allow
[info] requests. You can keep these rules in your project directory
[info] and publish them with firebase deploy.
[info] 
